-------------------------------------------------------------------------------
Test set: Runner.InstaRunner
-------------------------------------------------------------------------------
Tests run: 1, Failures: 0, Errors: 1, Skipped: 0, Time elapsed: 0.757 s <<< FAILURE! -- in Runner.InstaRunner
Sign Up new Insta User.Create New Account -- Time elapsed: 0.157 s <<< ERROR!
io.cucumber.junit.UndefinedStepException: 
The step 'Open browser, enter Instagram url.' and 3 other step(s) are undefined.
You can implement these steps using the snippet(s) below:

@Given("Open browser, enter Instagram url.")
public void open_browser_enter_instagram_url() {
    // Write code here that turns the phrase above into concrete actions
    throw new io.cucumber.java.PendingException();
}
@When("user enters Mobile No. , Fulname , Username , Password")
public void user_enters_mobile_no_fulname_username_password() {
    // Write code here that turns the phrase above into concrete actions
    throw new io.cucumber.java.PendingException();
}
@When("user clicks the signup button")
public void user_clicks_the_signup_button() {
    // Write code here that turns the phrase above into concrete actions
    throw new io.cucumber.java.PendingException();
}
@Then("Successful sign up message should be displayed")
public void successful_sign_up_message_should_be_displayed() {
    // Write code here that turns the phrase above into concrete actions
    throw new io.cucumber.java.PendingException();
}


