<?xml version="1.0" encoding="UTF-8"?>
<testsuite xmlns:xsi="http://www.w3.org/2001/XMLSchema-instance" xsi:noNamespaceSchemaLocation="https://maven.apache.org/surefire/maven-surefire-plugin/xsd/surefire-test-report.xsd" version="3.0.2" name="Runner.InstaRunner" time="0.757" tests="1" errors="1" skipped="0" failures="0">
  <properties>
[...]
</properties>
  <testcase name="Create New Account" classname="Sign Up new Insta User" time="0.157">
    <error message="The step &apos;Open browser, enter Instagram url.&apos; and 3 other step(s) are undefined.&#10;You can implement these steps using the snippet(s) below:&#10;&#10;@Given(&quot;Open browser, enter Instagram url.&quot;)&#10;public void open_browser_enter_instagram_url() {&#10;    // Write code here that turns the phrase above into concrete actions&#10;    throw new io.cucumber.java.PendingException();&#10;}&#10;@When(&quot;user enters Mobile No. , Fulname , Username , Password&quot;)&#10;public void user_enters_mobile_no_fulname_username_password() {&#10;    // Write code here that turns the phrase above into concrete actions&#10;    throw new io.cucumber.java.PendingException();&#10;}&#10;@When(&quot;user clicks the signup button&quot;)&#10;public void user_clicks_the_signup_button() {&#10;    // Write code here that turns the phrase above into concrete actions&#10;    throw new io.cucumber.java.PendingException();&#10;}&#10;@Then(&quot;Successful sign up message should be displayed&quot;)&#10;public void successful_sign_up_message_should_be_displayed() {&#10;    // Write code here that turns the phrase above into concrete actions&#10;    throw new io.cucumber.java.PendingException();&#10;}&#10;" type="io.cucumber.junit.UndefinedStepException"><![CDATA[io.cucumber.junit.UndefinedStepException: 
The step 'Open browser, enter Instagram url.' and 3 other step(s) are undefined.
You can implement these steps using the snippet(s) below:

@Given("Open browser, enter Instagram url.")
public void open_browser_enter_instagram_url() {
    // Write code here that turns the phrase above into concrete actions
    throw new io.cucumber.java.PendingException();
}
@When("user enters Mobile No. , Fulname , Username , Password")
public void user_enters_mobile_no_fulname_username_password() {
    // Write code here that turns the phrase above into concrete actions
    throw new io.cucumber.java.PendingException();
}
@When("user clicks the signup button")
public void user_clicks_the_signup_button() {
    // Write code here that turns the phrase above into concrete actions
    throw new io.cucumber.java.PendingException();
}
@Then("Successful sign up message should be displayed")
public void successful_sign_up_message_should_be_displayed() {
    // Write code here that turns the phrase above into concrete actions
    throw new io.cucumber.java.PendingException();
}

]]></error>
  </testcase>
</testsuite>